CRITICAL - 2023-03-21 01:14:51 --> Undefined variable $municipios
in APPPATH\Controllers\Municipios.php on line 37.
 1 APPPATH\Controllers\Municipios.php(37): CodeIgniter\Debug\Exceptions->errorHandler(2, 'Undefined variable $municipios', 'APPPATH\\Controllers\\Municipios.php', 37)
 2 SYSTEMPATH\CodeIgniter.php(934): App\Controllers\Municipios->buscar_Municipios('1')
 3 SYSTEMPATH\CodeIgniter.php(499): CodeIgniter\CodeIgniter->runController(Object(App\Controllers\Municipios))
 4 SYSTEMPATH\CodeIgniter.php(368): CodeIgniter\CodeIgniter->handleRequest(null, Object(Config\Cache), false)
 5 FCPATH\index.php(67): CodeIgniter\CodeIgniter->run()
CRITICAL - 2023-03-21 01:16:15 --> Undefined variable $municipios
in APPPATH\Controllers\Municipios.php on line 37.
 1 APPPATH\Controllers\Municipios.php(37): CodeIgniter\Debug\Exceptions->errorHandler(2, 'Undefined variable $municipios', 'APPPATH\\Controllers\\Municipios.php', 37)
 2 SYSTEMPATH\CodeIgniter.php(934): App\Controllers\Municipios->buscar_Municipios('1')
 3 SYSTEMPATH\CodeIgniter.php(499): CodeIgniter\CodeIgniter->runController(Object(App\Controllers\Municipios))
 4 SYSTEMPATH\CodeIgniter.php(368): CodeIgniter\CodeIgniter->handleRequest(null, Object(Config\Cache), false)
 5 FCPATH\index.php(67): CodeIgniter\CodeIgniter->run()
CRITICAL - 2023-03-21 01:16:22 --> Undefined variable $municipios
in APPPATH\Controllers\Municipios.php on line 37.
 1 APPPATH\Controllers\Municipios.php(37): CodeIgniter\Debug\Exceptions->errorHandler(2, 'Undefined variable $municipios', 'APPPATH\\Controllers\\Municipios.php', 37)
 2 SYSTEMPATH\CodeIgniter.php(934): App\Controllers\Municipios->buscar_Municipios('1')
 3 SYSTEMPATH\CodeIgniter.php(499): CodeIgniter\CodeIgniter->runController(Object(App\Controllers\Municipios))
 4 SYSTEMPATH\CodeIgniter.php(368): CodeIgniter\CodeIgniter->handleRequest(null, Object(Config\Cache), false)
 5 FCPATH\index.php(67): CodeIgniter\CodeIgniter->run()
CRITICAL - 2023-03-21 01:19:08 --> Undefined variable $municipios
in APPPATH\Controllers\Municipios.php on line 37.
 1 APPPATH\Controllers\Municipios.php(37): CodeIgniter\Debug\Exceptions->errorHandler(2, 'Undefined variable $municipios', 'APPPATH\\Controllers\\Municipios.php', 37)
 2 SYSTEMPATH\CodeIgniter.php(934): App\Controllers\Municipios->buscar_Municipios('1')
 3 SYSTEMPATH\CodeIgniter.php(499): CodeIgniter\CodeIgniter->runController(Object(App\Controllers\Municipios))
 4 SYSTEMPATH\CodeIgniter.php(368): CodeIgniter\CodeIgniter->handleRequest(null, Object(Config\Cache), false)
 5 FCPATH\index.php(67): CodeIgniter\CodeIgniter->run()
ERROR - 2023-03-21 01:21:13 --> mysqli_sql_exception: Cannot add or update a child row: a foreign key constraint fails (`bd_taller`.`municipios`, CONSTRAINT `muni_pais` FOREIGN KEY (`id_pais`) REFERENCES `paises` (`id`) ON DELETE CASCADE ON UPDATE CASCADE) in C:\xampp\htdocs\proyecto\system\Database\MySQLi\Connection.php:295
Stack trace:
#0 C:\xampp\htdocs\proyecto\system\Database\MySQLi\Connection.php(295): mysqli->query('INSERT INTO `mu...', 0)
#1 C:\xampp\htdocs\proyecto\system\Database\BaseConnection.php(691): CodeIgniter\Database\MySQLi\Connection->execute('INSERT INTO `mu...')
#2 C:\xampp\htdocs\proyecto\system\Database\BaseConnection.php(605): CodeIgniter\Database\BaseConnection->simpleQuery('INSERT INTO `mu...')
#3 C:\xampp\htdocs\proyecto\system\Database\BaseBuilder.php(2309): CodeIgniter\Database\BaseConnection->query('INSERT INTO `mu...', Array, false)
#4 C:\xampp\htdocs\proyecto\system\Model.php(330): CodeIgniter\Database\BaseBuilder->insert()
#5 C:\xampp\htdocs\proyecto\system\BaseModel.php(782): CodeIgniter\Model->doInsert(Array)
#6 C:\xampp\htdocs\proyecto\system\Model.php(730): CodeIgniter\BaseModel->insert(Array, false)
#7 C:\xampp\htdocs\proyecto\system\BaseModel.php(692): CodeIgniter\Model->insert(Array, false)
#8 C:\xampp\htdocs\proyecto\app\Controllers\Municipios.php(47): CodeIgniter\BaseModel->save(Array)
#9 C:\xampp\htdocs\proyecto\system\CodeIgniter.php(934): App\Controllers\Municipios->insertar()
#10 C:\xampp\htdocs\proyecto\system\CodeIgniter.php(499): CodeIgniter\CodeIgniter->runController(Object(App\Controllers\Municipios))
#11 C:\xampp\htdocs\proyecto\system\CodeIgniter.php(368): CodeIgniter\CodeIgniter->handleRequest(NULL, Object(Config\Cache), false)
#12 C:\xampp\htdocs\proyecto\public\index.php(67): CodeIgniter\CodeIgniter->run()
#13 {main}
CRITICAL - 2023-03-21 01:21:13 --> Cannot add or update a child row: a foreign key constraint fails (`bd_taller`.`municipios`, CONSTRAINT `muni_pais` FOREIGN KEY (`id_pais`) REFERENCES `paises` (`id`) ON DELETE CASCADE ON UPDATE CASCADE)
in SYSTEMPATH\Database\BaseConnection.php on line 645.
 1 SYSTEMPATH\Database\BaseBuilder.php(2309): CodeIgniter\Database\BaseConnection->query('INSERT INTO `municipios` (`id_dpto`, `nombre`, `fecha_crea`) VALUES (:id_dpto:, :nombre:, :fecha_crea:)', [...], false)
 2 SYSTEMPATH\Model.php(330): CodeIgniter\Database\BaseBuilder->insert()
 3 SYSTEMPATH\BaseModel.php(782): CodeIgniter\Model->doInsert([...])
 4 SYSTEMPATH\Model.php(730): CodeIgniter\BaseModel->insert([...], false)
 5 SYSTEMPATH\BaseModel.php(692): CodeIgniter\Model->insert([...], false)
 6 APPPATH\Controllers\Municipios.php(47): CodeIgniter\BaseModel->save([...])
 7 SYSTEMPATH\CodeIgniter.php(934): App\Controllers\Municipios->insertar()
 8 SYSTEMPATH\CodeIgniter.php(499): CodeIgniter\CodeIgniter->runController(Object(App\Controllers\Municipios))
 9 SYSTEMPATH\CodeIgniter.php(368): CodeIgniter\CodeIgniter->handleRequest(null, Object(Config\Cache), false)
10 FCPATH\index.php(67): CodeIgniter\CodeIgniter->run()
ERROR - 2023-03-21 01:30:14 --> mysqli_sql_exception: Cannot add or update a child row: a foreign key constraint fails (`bd_taller`.`municipios`, CONSTRAINT `muni_pais` FOREIGN KEY (`id_pais`) REFERENCES `paises` (`id`) ON DELETE CASCADE ON UPDATE CASCADE) in C:\xampp\htdocs\proyecto\system\Database\MySQLi\Connection.php:295
Stack trace:
#0 C:\xampp\htdocs\proyecto\system\Database\MySQLi\Connection.php(295): mysqli->query('INSERT INTO `mu...', 0)
#1 C:\xampp\htdocs\proyecto\system\Database\BaseConnection.php(691): CodeIgniter\Database\MySQLi\Connection->execute('INSERT INTO `mu...')
#2 C:\xampp\htdocs\proyecto\system\Database\BaseConnection.php(605): CodeIgniter\Database\BaseConnection->simpleQuery('INSERT INTO `mu...')
#3 C:\xampp\htdocs\proyecto\system\Database\BaseBuilder.php(2309): CodeIgniter\Database\BaseConnection->query('INSERT INTO `mu...', Array, false)
#4 C:\xampp\htdocs\proyecto\system\Model.php(330): CodeIgniter\Database\BaseBuilder->insert()
#5 C:\xampp\htdocs\proyecto\system\BaseModel.php(782): CodeIgniter\Model->doInsert(Array)
#6 C:\xampp\htdocs\proyecto\system\Model.php(730): CodeIgniter\BaseModel->insert(Array, false)
#7 C:\xampp\htdocs\proyecto\system\BaseModel.php(692): CodeIgniter\Model->insert(Array, false)
#8 C:\xampp\htdocs\proyecto\app\Controllers\Municipios.php(47): CodeIgniter\BaseModel->save(Array)
#9 C:\xampp\htdocs\proyecto\system\CodeIgniter.php(934): App\Controllers\Municipios->insertar()
#10 C:\xampp\htdocs\proyecto\system\CodeIgniter.php(499): CodeIgniter\CodeIgniter->runController(Object(App\Controllers\Municipios))
#11 C:\xampp\htdocs\proyecto\system\CodeIgniter.php(368): CodeIgniter\CodeIgniter->handleRequest(NULL, Object(Config\Cache), false)
#12 C:\xampp\htdocs\proyecto\public\index.php(67): CodeIgniter\CodeIgniter->run()
#13 {main}
CRITICAL - 2023-03-21 01:30:14 --> Cannot add or update a child row: a foreign key constraint fails (`bd_taller`.`municipios`, CONSTRAINT `muni_pais` FOREIGN KEY (`id_pais`) REFERENCES `paises` (`id`) ON DELETE CASCADE ON UPDATE CASCADE)
in SYSTEMPATH\Database\BaseConnection.php on line 645.
 1 SYSTEMPATH\Database\BaseBuilder.php(2309): CodeIgniter\Database\BaseConnection->query('INSERT INTO `municipios` (`id_dpto`, `nombre`, `fecha_crea`) VALUES (:id_dpto:, :nombre:, :fecha_crea:)', [...], false)
 2 SYSTEMPATH\Model.php(330): CodeIgniter\Database\BaseBuilder->insert()
 3 SYSTEMPATH\BaseModel.php(782): CodeIgniter\Model->doInsert([...])
 4 SYSTEMPATH\Model.php(730): CodeIgniter\BaseModel->insert([...], false)
 5 SYSTEMPATH\BaseModel.php(692): CodeIgniter\Model->insert([...], false)
 6 APPPATH\Controllers\Municipios.php(47): CodeIgniter\BaseModel->save([...])
 7 SYSTEMPATH\CodeIgniter.php(934): App\Controllers\Municipios->insertar()
 8 SYSTEMPATH\CodeIgniter.php(499): CodeIgniter\CodeIgniter->runController(Object(App\Controllers\Municipios))
 9 SYSTEMPATH\CodeIgniter.php(368): CodeIgniter\CodeIgniter->handleRequest(null, Object(Config\Cache), false)
10 FCPATH\index.php(67): CodeIgniter\CodeIgniter->run()
CRITICAL - 2023-03-21 01:30:54 --> Undefined variable $municipios
in APPPATH\Controllers\Municipios.php on line 37.
 1 APPPATH\Controllers\Municipios.php(37): CodeIgniter\Debug\Exceptions->errorHandler(2, 'Undefined variable $municipios', 'APPPATH\\Controllers\\Municipios.php', 37)
 2 SYSTEMPATH\CodeIgniter.php(934): App\Controllers\Municipios->buscar_Municipios('1')
 3 SYSTEMPATH\CodeIgniter.php(499): CodeIgniter\CodeIgniter->runController(Object(App\Controllers\Municipios))
 4 SYSTEMPATH\CodeIgniter.php(368): CodeIgniter\CodeIgniter->handleRequest(null, Object(Config\Cache), false)
 5 FCPATH\index.php(67): CodeIgniter\CodeIgniter->run()
CRITICAL - 2023-03-21 01:35:20 --> Undefined variable $municipios
in APPPATH\Controllers\Municipios.php on line 37.
 1 APPPATH\Controllers\Municipios.php(37): CodeIgniter\Debug\Exceptions->errorHandler(2, 'Undefined variable $municipios', 'APPPATH\\Controllers\\Municipios.php', 37)
 2 SYSTEMPATH\CodeIgniter.php(934): App\Controllers\Municipios->buscar_Municipios('1')
 3 SYSTEMPATH\CodeIgniter.php(499): CodeIgniter\CodeIgniter->runController(Object(App\Controllers\Municipios))
 4 SYSTEMPATH\CodeIgniter.php(368): CodeIgniter\CodeIgniter->handleRequest(null, Object(Config\Cache), false)
 5 FCPATH\index.php(67): CodeIgniter\CodeIgniter->run()
CRITICAL - 2023-03-21 01:37:57 --> Undefined variable $municipios
in APPPATH\Controllers\Municipios.php on line 37.
 1 APPPATH\Controllers\Municipios.php(37): CodeIgniter\Debug\Exceptions->errorHandler(2, 'Undefined variable $municipios', 'APPPATH\\Controllers\\Municipios.php', 37)
 2 SYSTEMPATH\CodeIgniter.php(934): App\Controllers\Municipios->buscar_Municipios('1')
 3 SYSTEMPATH\CodeIgniter.php(499): CodeIgniter\CodeIgniter->runController(Object(App\Controllers\Municipios))
 4 SYSTEMPATH\CodeIgniter.php(368): CodeIgniter\CodeIgniter->handleRequest(null, Object(Config\Cache), false)
 5 FCPATH\index.php(67): CodeIgniter\CodeIgniter->run()
CRITICAL - 2023-03-21 01:40:18 --> syntax error, unexpected token "."
in APPPATH\Views\municipios\municipios.php on line 10.
 1 SYSTEMPATH\View\View.php(216): CodeIgniter\View\View->CodeIgniter\View\{closure}()
 2 SYSTEMPATH\Common.php(1184): CodeIgniter\View\View->render('/municipios/municipios', [], true)
 3 APPPATH\Controllers\Municipios.php(27): view('/municipios/municipios', [...])
 4 SYSTEMPATH\CodeIgniter.php(934): App\Controllers\Municipios->index()
 5 SYSTEMPATH\CodeIgniter.php(499): CodeIgniter\CodeIgniter->runController(Object(App\Controllers\Municipios))
 6 SYSTEMPATH\CodeIgniter.php(368): CodeIgniter\CodeIgniter->handleRequest(null, Object(Config\Cache), false)
 7 FCPATH\index.php(67): CodeIgniter\CodeIgniter->run()
CRITICAL - 2023-03-21 01:40:30 --> syntax error, unexpected single-quoted string ",", expecting "," or ";"
in APPPATH\Views\municipios\municipios.php on line 10.
 1 SYSTEMPATH\View\View.php(216): CodeIgniter\View\View->CodeIgniter\View\{closure}()
 2 SYSTEMPATH\Common.php(1184): CodeIgniter\View\View->render('/municipios/municipios', [], true)
 3 APPPATH\Controllers\Municipios.php(27): view('/municipios/municipios', [...])
 4 SYSTEMPATH\CodeIgniter.php(934): App\Controllers\Municipios->index()
 5 SYSTEMPATH\CodeIgniter.php(499): CodeIgniter\CodeIgniter->runController(Object(App\Controllers\Municipios))
 6 SYSTEMPATH\CodeIgniter.php(368): CodeIgniter\CodeIgniter->handleRequest(null, Object(Config\Cache), false)
 7 FCPATH\index.php(67): CodeIgniter\CodeIgniter->run()
CRITICAL - 2023-03-21 01:40:30 --> syntax error, unexpected single-quoted string ",", expecting "," or ";"
in APPPATH\Views\municipios\municipios.php on line 10.
 1 SYSTEMPATH\View\View.php(216): CodeIgniter\View\View->CodeIgniter\View\{closure}()
 2 SYSTEMPATH\Common.php(1184): CodeIgniter\View\View->render('/municipios/municipios', [], true)
 3 APPPATH\Controllers\Municipios.php(27): view('/municipios/municipios', [...])
 4 SYSTEMPATH\CodeIgniter.php(934): App\Controllers\Municipios->index()
 5 SYSTEMPATH\CodeIgniter.php(499): CodeIgniter\CodeIgniter->runController(Object(App\Controllers\Municipios))
 6 SYSTEMPATH\CodeIgniter.php(368): CodeIgniter\CodeIgniter->handleRequest(null, Object(Config\Cache), false)
 7 FCPATH\index.php(67): CodeIgniter\CodeIgniter->run()
CRITICAL - 2023-03-21 01:40:30 --> syntax error, unexpected single-quoted string ",", expecting "," or ";"
in APPPATH\Views\municipios\municipios.php on line 10.
 1 SYSTEMPATH\View\View.php(216): CodeIgniter\View\View->CodeIgniter\View\{closure}()
 2 SYSTEMPATH\Common.php(1184): CodeIgniter\View\View->render('/municipios/municipios', [], true)
 3 APPPATH\Controllers\Municipios.php(27): view('/municipios/municipios', [...])
 4 SYSTEMPATH\CodeIgniter.php(934): App\Controllers\Municipios->index()
 5 SYSTEMPATH\CodeIgniter.php(499): CodeIgniter\CodeIgniter->runController(Object(App\Controllers\Municipios))
 6 SYSTEMPATH\CodeIgniter.php(368): CodeIgniter\CodeIgniter->handleRequest(null, Object(Config\Cache), false)
 7 FCPATH\index.php(67): CodeIgniter\CodeIgniter->run()
CRITICAL - 2023-03-21 01:40:30 --> syntax error, unexpected single-quoted string ",", expecting "," or ";"
in APPPATH\Views\municipios\municipios.php on line 10.
 1 SYSTEMPATH\View\View.php(216): CodeIgniter\View\View->CodeIgniter\View\{closure}()
 2 SYSTEMPATH\Common.php(1184): CodeIgniter\View\View->render('/municipios/municipios', [], true)
 3 APPPATH\Controllers\Municipios.php(27): view('/municipios/municipios', [...])
 4 SYSTEMPATH\CodeIgniter.php(934): App\Controllers\Municipios->index()
 5 SYSTEMPATH\CodeIgniter.php(499): CodeIgniter\CodeIgniter->runController(Object(App\Controllers\Municipios))
 6 SYSTEMPATH\CodeIgniter.php(368): CodeIgniter\CodeIgniter->handleRequest(null, Object(Config\Cache), false)
 7 FCPATH\index.php(67): CodeIgniter\CodeIgniter->run()
CRITICAL - 2023-03-21 01:40:34 --> syntax error, unexpected single-quoted string ",", expecting "," or ";"
in APPPATH\Views\municipios\municipios.php on line 10.
 1 SYSTEMPATH\View\View.php(216): CodeIgniter\View\View->CodeIgniter\View\{closure}()
 2 SYSTEMPATH\Common.php(1184): CodeIgniter\View\View->render('/municipios/municipios', [], true)
 3 APPPATH\Controllers\Municipios.php(27): view('/municipios/municipios', [...])
 4 SYSTEMPATH\CodeIgniter.php(934): App\Controllers\Municipios->index()
 5 SYSTEMPATH\CodeIgniter.php(499): CodeIgniter\CodeIgniter->runController(Object(App\Controllers\Municipios))
 6 SYSTEMPATH\CodeIgniter.php(368): CodeIgniter\CodeIgniter->handleRequest(null, Object(Config\Cache), false)
 7 FCPATH\index.php(67): CodeIgniter\CodeIgniter->run()
CRITICAL - 2023-03-21 01:40:34 --> syntax error, unexpected single-quoted string ",", expecting "," or ";"
in APPPATH\Views\municipios\municipios.php on line 10.
 1 SYSTEMPATH\View\View.php(216): CodeIgniter\View\View->CodeIgniter\View\{closure}()
 2 SYSTEMPATH\Common.php(1184): CodeIgniter\View\View->render('/municipios/municipios', [], true)
 3 APPPATH\Controllers\Municipios.php(27): view('/municipios/municipios', [...])
 4 SYSTEMPATH\CodeIgniter.php(934): App\Controllers\Municipios->index()
 5 SYSTEMPATH\CodeIgniter.php(499): CodeIgniter\CodeIgniter->runController(Object(App\Controllers\Municipios))
 6 SYSTEMPATH\CodeIgniter.php(368): CodeIgniter\CodeIgniter->handleRequest(null, Object(Config\Cache), false)
 7 FCPATH\index.php(67): CodeIgniter\CodeIgniter->run()
CRITICAL - 2023-03-21 01:40:35 --> syntax error, unexpected single-quoted string ",", expecting "," or ";"
in APPPATH\Views\municipios\municipios.php on line 10.
 1 SYSTEMPATH\View\View.php(216): CodeIgniter\View\View->CodeIgniter\View\{closure}()
 2 SYSTEMPATH\Common.php(1184): CodeIgniter\View\View->render('/municipios/municipios', [], true)
 3 APPPATH\Controllers\Municipios.php(27): view('/municipios/municipios', [...])
 4 SYSTEMPATH\CodeIgniter.php(934): App\Controllers\Municipios->index()
 5 SYSTEMPATH\CodeIgniter.php(499): CodeIgniter\CodeIgniter->runController(Object(App\Controllers\Municipios))
 6 SYSTEMPATH\CodeIgniter.php(368): CodeIgniter\CodeIgniter->handleRequest(null, Object(Config\Cache), false)
 7 FCPATH\index.php(67): CodeIgniter\CodeIgniter->run()
CRITICAL - 2023-03-21 01:40:35 --> syntax error, unexpected single-quoted string ",", expecting "," or ";"
in APPPATH\Views\municipios\municipios.php on line 10.
 1 SYSTEMPATH\View\View.php(216): CodeIgniter\View\View->CodeIgniter\View\{closure}()
 2 SYSTEMPATH\Common.php(1184): CodeIgniter\View\View->render('/municipios/municipios', [], true)
 3 APPPATH\Controllers\Municipios.php(27): view('/municipios/municipios', [...])
 4 SYSTEMPATH\CodeIgniter.php(934): App\Controllers\Municipios->index()
 5 SYSTEMPATH\CodeIgniter.php(499): CodeIgniter\CodeIgniter->runController(Object(App\Controllers\Municipios))
 6 SYSTEMPATH\CodeIgniter.php(368): CodeIgniter\CodeIgniter->handleRequest(null, Object(Config\Cache), false)
 7 FCPATH\index.php(67): CodeIgniter\CodeIgniter->run()
CRITICAL - 2023-03-21 01:40:35 --> syntax error, unexpected single-quoted string ",", expecting "," or ";"
in APPPATH\Views\municipios\municipios.php on line 10.
 1 SYSTEMPATH\View\View.php(216): CodeIgniter\View\View->CodeIgniter\View\{closure}()
 2 SYSTEMPATH\Common.php(1184): CodeIgniter\View\View->render('/municipios/municipios', [], true)
 3 APPPATH\Controllers\Municipios.php(27): view('/municipios/municipios', [...])
 4 SYSTEMPATH\CodeIgniter.php(934): App\Controllers\Municipios->index()
 5 SYSTEMPATH\CodeIgniter.php(499): CodeIgniter\CodeIgniter->runController(Object(App\Controllers\Municipios))
 6 SYSTEMPATH\CodeIgniter.php(368): CodeIgniter\CodeIgniter->handleRequest(null, Object(Config\Cache), false)
 7 FCPATH\index.php(67): CodeIgniter\CodeIgniter->run()
CRITICAL - 2023-03-21 01:40:35 --> syntax error, unexpected single-quoted string ",", expecting "," or ";"
in APPPATH\Views\municipios\municipios.php on line 10.
 1 SYSTEMPATH\View\View.php(216): CodeIgniter\View\View->CodeIgniter\View\{closure}()
 2 SYSTEMPATH\Common.php(1184): CodeIgniter\View\View->render('/municipios/municipios', [], true)
 3 APPPATH\Controllers\Municipios.php(27): view('/municipios/municipios', [...])
 4 SYSTEMPATH\CodeIgniter.php(934): App\Controllers\Municipios->index()
 5 SYSTEMPATH\CodeIgniter.php(499): CodeIgniter\CodeIgniter->runController(Object(App\Controllers\Municipios))
 6 SYSTEMPATH\CodeIgniter.php(368): CodeIgniter\CodeIgniter->handleRequest(null, Object(Config\Cache), false)
 7 FCPATH\index.php(67): CodeIgniter\CodeIgniter->run()
CRITICAL - 2023-03-21 01:40:35 --> syntax error, unexpected single-quoted string ",", expecting "," or ";"
in APPPATH\Views\municipios\municipios.php on line 10.
 1 SYSTEMPATH\View\View.php(216): CodeIgniter\View\View->CodeIgniter\View\{closure}()
 2 SYSTEMPATH\Common.php(1184): CodeIgniter\View\View->render('/municipios/municipios', [], true)
 3 APPPATH\Controllers\Municipios.php(27): view('/municipios/municipios', [...])
 4 SYSTEMPATH\CodeIgniter.php(934): App\Controllers\Municipios->index()
 5 SYSTEMPATH\CodeIgniter.php(499): CodeIgniter\CodeIgniter->runController(Object(App\Controllers\Municipios))
 6 SYSTEMPATH\CodeIgniter.php(368): CodeIgniter\CodeIgniter->handleRequest(null, Object(Config\Cache), false)
 7 FCPATH\index.php(67): CodeIgniter\CodeIgniter->run()
CRITICAL - 2023-03-21 01:40:36 --> syntax error, unexpected single-quoted string ",", expecting "," or ";"
in APPPATH\Views\municipios\municipios.php on line 10.
 1 SYSTEMPATH\View\View.php(216): CodeIgniter\View\View->CodeIgniter\View\{closure}()
 2 SYSTEMPATH\Common.php(1184): CodeIgniter\View\View->render('/municipios/municipios', [], true)
 3 APPPATH\Controllers\Municipios.php(27): view('/municipios/municipios', [...])
 4 SYSTEMPATH\CodeIgniter.php(934): App\Controllers\Municipios->index()
 5 SYSTEMPATH\CodeIgniter.php(499): CodeIgniter\CodeIgniter->runController(Object(App\Controllers\Municipios))
 6 SYSTEMPATH\CodeIgniter.php(368): CodeIgniter\CodeIgniter->handleRequest(null, Object(Config\Cache), false)
 7 FCPATH\index.php(67): CodeIgniter\CodeIgniter->run()
CRITICAL - 2023-03-21 01:40:36 --> syntax error, unexpected single-quoted string ",", expecting "," or ";"
in APPPATH\Views\municipios\municipios.php on line 10.
 1 SYSTEMPATH\View\View.php(216): CodeIgniter\View\View->CodeIgniter\View\{closure}()
 2 SYSTEMPATH\Common.php(1184): CodeIgniter\View\View->render('/municipios/municipios', [], true)
 3 APPPATH\Controllers\Municipios.php(27): view('/municipios/municipios', [...])
 4 SYSTEMPATH\CodeIgniter.php(934): App\Controllers\Municipios->index()
 5 SYSTEMPATH\CodeIgniter.php(499): CodeIgniter\CodeIgniter->runController(Object(App\Controllers\Municipios))
 6 SYSTEMPATH\CodeIgniter.php(368): CodeIgniter\CodeIgniter->handleRequest(null, Object(Config\Cache), false)
 7 FCPATH\index.php(67): CodeIgniter\CodeIgniter->run()
CRITICAL - 2023-03-21 01:41:30 --> Undefined variable $municipios
in APPPATH\Controllers\Municipios.php on line 37.
 1 APPPATH\Controllers\Municipios.php(37): CodeIgniter\Debug\Exceptions->errorHandler(2, 'Undefined variable $municipios', 'APPPATH\\Controllers\\Municipios.php', 37)
 2 SYSTEMPATH\CodeIgniter.php(934): App\Controllers\Municipios->buscar_Municipios('1')
 3 SYSTEMPATH\CodeIgniter.php(499): CodeIgniter\CodeIgniter->runController(Object(App\Controllers\Municipios))
 4 SYSTEMPATH\CodeIgniter.php(368): CodeIgniter\CodeIgniter->handleRequest(null, Object(Config\Cache), false)
 5 FCPATH\index.php(67): CodeIgniter\CodeIgniter->run()
CRITICAL - 2023-03-21 01:41:53 --> Undefined variable $municipios
in APPPATH\Controllers\Municipios.php on line 37.
 1 APPPATH\Controllers\Municipios.php(37): CodeIgniter\Debug\Exceptions->errorHandler(2, 'Undefined variable $municipios', 'APPPATH\\Controllers\\Municipios.php', 37)
 2 SYSTEMPATH\CodeIgniter.php(934): App\Controllers\Municipios->buscar_Municipios('1')
 3 SYSTEMPATH\CodeIgniter.php(499): CodeIgniter\CodeIgniter->runController(Object(App\Controllers\Municipios))
 4 SYSTEMPATH\CodeIgniter.php(368): CodeIgniter\CodeIgniter->handleRequest(null, Object(Config\Cache), false)
 5 FCPATH\index.php(67): CodeIgniter\CodeIgniter->run()
CRITICAL - 2023-03-21 01:43:28 --> Undefined variable $municipios
in APPPATH\Controllers\Municipios.php on line 37.
 1 APPPATH\Controllers\Municipios.php(37): CodeIgniter\Debug\Exceptions->errorHandler(2, 'Undefined variable $municipios', 'APPPATH\\Controllers\\Municipios.php', 37)
 2 SYSTEMPATH\CodeIgniter.php(934): App\Controllers\Municipios->buscar_Municipios('4')
 3 SYSTEMPATH\CodeIgniter.php(499): CodeIgniter\CodeIgniter->runController(Object(App\Controllers\Municipios))
 4 SYSTEMPATH\CodeIgniter.php(368): CodeIgniter\CodeIgniter->handleRequest(null, Object(Config\Cache), false)
 5 FCPATH\index.php(67): CodeIgniter\CodeIgniter->run()
CRITICAL - 2023-03-21 01:44:03 --> Undefined variable $municipios
in APPPATH\Controllers\Municipios.php on line 37.
 1 APPPATH\Controllers\Municipios.php(37): CodeIgniter\Debug\Exceptions->errorHandler(2, 'Undefined variable $municipios', 'APPPATH\\Controllers\\Municipios.php', 37)
 2 SYSTEMPATH\CodeIgniter.php(934): App\Controllers\Municipios->buscar_Municipios('5')
 3 SYSTEMPATH\CodeIgniter.php(499): CodeIgniter\CodeIgniter->runController(Object(App\Controllers\Municipios))
 4 SYSTEMPATH\CodeIgniter.php(368): CodeIgniter\CodeIgniter->handleRequest(null, Object(Config\Cache), false)
 5 FCPATH\index.php(67): CodeIgniter\CodeIgniter->run()
CRITICAL - 2023-03-21 01:45:18 --> Undefined variable $municipios
in APPPATH\Controllers\Municipios.php on line 37.
 1 APPPATH\Controllers\Municipios.php(37): CodeIgniter\Debug\Exceptions->errorHandler(2, 'Undefined variable $municipios', 'APPPATH\\Controllers\\Municipios.php', 37)
 2 SYSTEMPATH\CodeIgniter.php(934): App\Controllers\Municipios->buscar_Municipios('2')
 3 SYSTEMPATH\CodeIgniter.php(499): CodeIgniter\CodeIgniter->runController(Object(App\Controllers\Municipios))
 4 SYSTEMPATH\CodeIgniter.php(368): CodeIgniter\CodeIgniter->handleRequest(null, Object(Config\Cache), false)
 5 FCPATH\index.php(67): CodeIgniter\CodeIgniter->run()
CRITICAL - 2023-03-21 01:50:20 --> Undefined variable $municipios
in APPPATH\Controllers\Municipios.php on line 37.
 1 APPPATH\Controllers\Municipios.php(37): CodeIgniter\Debug\Exceptions->errorHandler(2, 'Undefined variable $municipios', 'APPPATH\\Controllers\\Municipios.php', 37)
 2 SYSTEMPATH\CodeIgniter.php(934): App\Controllers\Municipios->buscar_Municipios('2')
 3 SYSTEMPATH\CodeIgniter.php(499): CodeIgniter\CodeIgniter->runController(Object(App\Controllers\Municipios))
 4 SYSTEMPATH\CodeIgniter.php(368): CodeIgniter\CodeIgniter->handleRequest(null, Object(Config\Cache), false)
 5 FCPATH\index.php(67): CodeIgniter\CodeIgniter->run()
CRITICAL - 2023-03-21 01:52:25 --> Undefined variable $municipios
in APPPATH\Controllers\Municipios.php on line 37.
 1 APPPATH\Controllers\Municipios.php(37): CodeIgniter\Debug\Exceptions->errorHandler(2, 'Undefined variable $municipios', 'APPPATH\\Controllers\\Municipios.php', 37)
 2 SYSTEMPATH\CodeIgniter.php(934): App\Controllers\Municipios->buscar_Municipios('3')
 3 SYSTEMPATH\CodeIgniter.php(499): CodeIgniter\CodeIgniter->runController(Object(App\Controllers\Municipios))
 4 SYSTEMPATH\CodeIgniter.php(368): CodeIgniter\CodeIgniter->handleRequest(null, Object(Config\Cache), false)
 5 FCPATH\index.php(67): CodeIgniter\CodeIgniter->run()
CRITICAL - 2023-03-21 01:53:33 --> Undefined variable $municipios
in APPPATH\Controllers\Municipios.php on line 37.
 1 APPPATH\Controllers\Municipios.php(37): CodeIgniter\Debug\Exceptions->errorHandler(2, 'Undefined variable $municipios', 'APPPATH\\Controllers\\Municipios.php', 37)
 2 SYSTEMPATH\CodeIgniter.php(934): App\Controllers\Municipios->buscar_Municipios('3')
 3 SYSTEMPATH\CodeIgniter.php(499): CodeIgniter\CodeIgniter->runController(Object(App\Controllers\Municipios))
 4 SYSTEMPATH\CodeIgniter.php(368): CodeIgniter\CodeIgniter->handleRequest(null, Object(Config\Cache), false)
 5 FCPATH\index.php(67): CodeIgniter\CodeIgniter->run()
CRITICAL - 2023-03-21 01:53:51 --> Undefined variable $municipios
in APPPATH\Controllers\Municipios.php on line 37.
 1 APPPATH\Controllers\Municipios.php(37): CodeIgniter\Debug\Exceptions->errorHandler(2, 'Undefined variable $municipios', 'APPPATH\\Controllers\\Municipios.php', 37)
 2 SYSTEMPATH\CodeIgniter.php(934): App\Controllers\Municipios->buscar_Municipios('2')
 3 SYSTEMPATH\CodeIgniter.php(499): CodeIgniter\CodeIgniter->runController(Object(App\Controllers\Municipios))
 4 SYSTEMPATH\CodeIgniter.php(368): CodeIgniter\CodeIgniter->handleRequest(null, Object(Config\Cache), false)
 5 FCPATH\index.php(67): CodeIgniter\CodeIgniter->run()
CRITICAL - 2023-03-21 01:53:56 --> Undefined variable $municipios
in APPPATH\Controllers\Municipios.php on line 37.
 1 APPPATH\Controllers\Municipios.php(37): CodeIgniter\Debug\Exceptions->errorHandler(2, 'Undefined variable $municipios', 'APPPATH\\Controllers\\Municipios.php', 37)
 2 SYSTEMPATH\CodeIgniter.php(934): App\Controllers\Municipios->buscar_Municipios('3')
 3 SYSTEMPATH\CodeIgniter.php(499): CodeIgniter\CodeIgniter->runController(Object(App\Controllers\Municipios))
 4 SYSTEMPATH\CodeIgniter.php(368): CodeIgniter\CodeIgniter->handleRequest(null, Object(Config\Cache), false)
 5 FCPATH\index.php(67): CodeIgniter\CodeIgniter->run()
CRITICAL - 2023-03-21 01:54:03 --> Undefined variable $municipios
in APPPATH\Controllers\Municipios.php on line 37.
 1 APPPATH\Controllers\Municipios.php(37): CodeIgniter\Debug\Exceptions->errorHandler(2, 'Undefined variable $municipios', 'APPPATH\\Controllers\\Municipios.php', 37)
 2 SYSTEMPATH\CodeIgniter.php(934): App\Controllers\Municipios->buscar_Municipios('3')
 3 SYSTEMPATH\CodeIgniter.php(499): CodeIgniter\CodeIgniter->runController(Object(App\Controllers\Municipios))
 4 SYSTEMPATH\CodeIgniter.php(368): CodeIgniter\CodeIgniter->handleRequest(null, Object(Config\Cache), false)
 5 FCPATH\index.php(67): CodeIgniter\CodeIgniter->run()
CRITICAL - 2023-03-21 01:54:19 --> Undefined variable $municipios
in APPPATH\Controllers\Municipios.php on line 37.
 1 APPPATH\Controllers\Municipios.php(37): CodeIgniter\Debug\Exceptions->errorHandler(2, 'Undefined variable $municipios', 'APPPATH\\Controllers\\Municipios.php', 37)
 2 SYSTEMPATH\CodeIgniter.php(934): App\Controllers\Municipios->buscar_Municipios('3')
 3 SYSTEMPATH\CodeIgniter.php(499): CodeIgniter\CodeIgniter->runController(Object(App\Controllers\Municipios))
 4 SYSTEMPATH\CodeIgniter.php(368): CodeIgniter\CodeIgniter->handleRequest(null, Object(Config\Cache), false)
 5 FCPATH\index.php(67): CodeIgniter\CodeIgniter->run()
CRITICAL - 2023-03-21 01:57:17 --> Undefined variable $municipios
in APPPATH\Controllers\Municipios.php on line 37.
 1 APPPATH\Controllers\Municipios.php(37): CodeIgniter\Debug\Exceptions->errorHandler(2, 'Undefined variable $municipios', 'APPPATH\\Controllers\\Municipios.php', 37)
 2 SYSTEMPATH\CodeIgniter.php(934): App\Controllers\Municipios->buscar_Municipios('3')
 3 SYSTEMPATH\CodeIgniter.php(499): CodeIgniter\CodeIgniter->runController(Object(App\Controllers\Municipios))
 4 SYSTEMPATH\CodeIgniter.php(368): CodeIgniter\CodeIgniter->handleRequest(null, Object(Config\Cache), false)
 5 FCPATH\index.php(67): CodeIgniter\CodeIgniter->run()
CRITICAL - 2023-03-21 01:57:41 --> Undefined variable $municipios
in APPPATH\Controllers\Municipios.php on line 37.
 1 APPPATH\Controllers\Municipios.php(37): CodeIgniter\Debug\Exceptions->errorHandler(2, 'Undefined variable $municipios', 'APPPATH\\Controllers\\Municipios.php', 37)
 2 SYSTEMPATH\CodeIgniter.php(934): App\Controllers\Municipios->buscar_Municipios('2')
 3 SYSTEMPATH\CodeIgniter.php(499): CodeIgniter\CodeIgniter->runController(Object(App\Controllers\Municipios))
 4 SYSTEMPATH\CodeIgniter.php(368): CodeIgniter\CodeIgniter->handleRequest(null, Object(Config\Cache), false)
 5 FCPATH\index.php(67): CodeIgniter\CodeIgniter->run()
CRITICAL - 2023-03-21 01:59:22 --> Undefined variable $municipios
in APPPATH\Controllers\Municipios.php on line 37.
 1 APPPATH\Controllers\Municipios.php(37): CodeIgniter\Debug\Exceptions->errorHandler(2, 'Undefined variable $municipios', 'APPPATH\\Controllers\\Municipios.php', 37)
 2 SYSTEMPATH\CodeIgniter.php(934): App\Controllers\Municipios->buscar_Municipios('1')
 3 SYSTEMPATH\CodeIgniter.php(499): CodeIgniter\CodeIgniter->runController(Object(App\Controllers\Municipios))
 4 SYSTEMPATH\CodeIgniter.php(368): CodeIgniter\CodeIgniter->handleRequest(null, Object(Config\Cache), false)
 5 FCPATH\index.php(67): CodeIgniter\CodeIgniter->run()
ERROR - 2023-03-21 03:42:35 --> mysqli_sql_exception: Unknown column 'departamentos.id_pais' in 'on clause' in C:\xampp\htdocs\proyecto\system\Database\MySQLi\Connection.php:295
Stack trace:
#0 C:\xampp\htdocs\proyecto\system\Database\MySQLi\Connection.php(295): mysqli->query('SELECT `municip...', 0)
#1 C:\xampp\htdocs\proyecto\system\Database\BaseConnection.php(691): CodeIgniter\Database\MySQLi\Connection->execute('SELECT `municip...')
#2 C:\xampp\htdocs\proyecto\system\Database\BaseConnection.php(605): CodeIgniter\Database\BaseConnection->simpleQuery('SELECT `municip...')
#3 C:\xampp\htdocs\proyecto\system\Database\BaseBuilder.php(1616): CodeIgniter\Database\BaseConnection->query('SELECT `municip...', Array, false)
#4 C:\xampp\htdocs\proyecto\system\Model.php(241): CodeIgniter\Database\BaseBuilder->get()
#5 C:\xampp\htdocs\proyecto\system\BaseModel.php(618): CodeIgniter\Model->doFindAll(0, 0)
#6 C:\xampp\htdocs\proyecto\app\Models\MunicipiosModel.php(53): CodeIgniter\BaseModel->findAll()
#7 C:\xampp\htdocs\proyecto\app\Controllers\Municipios.php(66): App\Models\MunicipiosModel->eliminados_municipios()
#8 C:\xampp\htdocs\proyecto\system\CodeIgniter.php(934): App\Controllers\Municipios->eliminados()
#9 C:\xampp\htdocs\proyecto\system\CodeIgniter.php(499): CodeIgniter\CodeIgniter->runController(Object(App\Controllers\Municipios))
#10 C:\xampp\htdocs\proyecto\system\CodeIgniter.php(368): CodeIgniter\CodeIgniter->handleRequest(NULL, Object(Config\Cache), false)
#11 C:\xampp\htdocs\proyecto\public\index.php(67): CodeIgniter\CodeIgniter->run()
#12 {main}
CRITICAL - 2023-03-21 03:42:35 --> Unknown column 'departamentos.id_pais' in 'on clause'
in SYSTEMPATH\Database\BaseConnection.php on line 645.
 1 SYSTEMPATH\Database\BaseBuilder.php(1616): CodeIgniter\Database\BaseConnection->query('SELECT `municipios`.*, `paises`.`nombres` as `nombre_pais`, `departamentos`.`nombre` as `nombre_dpto`
FROM `municipios`
JOIN `paises` ON `paises`.`id` = `departamentos`.`id_pais`
JOIN `departamentos` ON `departamentos`.`id` = `municipios`.`id_dpto`
WHERE `departamentos`.`estado` = :departamentos.estado:', [...], false)
 2 SYSTEMPATH\Model.php(241): CodeIgniter\Database\BaseBuilder->get()
 3 SYSTEMPATH\BaseModel.php(618): CodeIgniter\Model->doFindAll(0, 0)
 4 APPPATH\Models\MunicipiosModel.php(53): CodeIgniter\BaseModel->findAll()
 5 APPPATH\Controllers\Municipios.php(66): App\Models\MunicipiosModel->eliminados_municipios()
 6 SYSTEMPATH\CodeIgniter.php(934): App\Controllers\Municipios->eliminados()
 7 SYSTEMPATH\CodeIgniter.php(499): CodeIgniter\CodeIgniter->runController(Object(App\Controllers\Municipios))
 8 SYSTEMPATH\CodeIgniter.php(368): CodeIgniter\CodeIgniter->handleRequest(null, Object(Config\Cache), false)
 9 FCPATH\index.php(67): CodeIgniter\CodeIgniter->run()
CRITICAL - 2023-03-21 03:45:15 --> Undefined variable $municipios
in APPPATH\Views\municipios\eliminados.php on line 36.
 1 APPPATH\Views\municipios\eliminados.php(36): CodeIgniter\Debug\Exceptions->errorHandler(2, 'Undefined variable $municipios', 'APPPATH\\Views\\municipios\\eliminados.php', 36)
 2 SYSTEMPATH\View\View.php(213): include('APPPATH\\Views\\municipios\\eliminados.php')
 3 SYSTEMPATH\View\View.php(216): CodeIgniter\View\View->CodeIgniter\View\{closure}()
 4 SYSTEMPATH\Common.php(1184): CodeIgniter\View\View->render('municipios/eliminados', [], true)
 5 APPPATH\Controllers\Municipios.php(71): view('municipios/eliminados', [...])
 6 SYSTEMPATH\CodeIgniter.php(934): App\Controllers\Municipios->eliminados()
 7 SYSTEMPATH\CodeIgniter.php(499): CodeIgniter\CodeIgniter->runController(Object(App\Controllers\Municipios))
 8 SYSTEMPATH\CodeIgniter.php(368): CodeIgniter\CodeIgniter->handleRequest(null, Object(Config\Cache), false)
 9 FCPATH\index.php(67): CodeIgniter\CodeIgniter->run()
CRITICAL - 2023-03-21 03:45:21 --> Undefined variable $municipios
in APPPATH\Views\municipios\eliminados.php on line 36.
 1 APPPATH\Views\municipios\eliminados.php(36): CodeIgniter\Debug\Exceptions->errorHandler(2, 'Undefined variable $municipios', 'APPPATH\\Views\\municipios\\eliminados.php', 36)
 2 SYSTEMPATH\View\View.php(213): include('APPPATH\\Views\\municipios\\eliminados.php')
 3 SYSTEMPATH\View\View.php(216): CodeIgniter\View\View->CodeIgniter\View\{closure}()
 4 SYSTEMPATH\Common.php(1184): CodeIgniter\View\View->render('municipios/eliminados', [], true)
 5 APPPATH\Controllers\Municipios.php(71): view('municipios/eliminados', [...])
 6 SYSTEMPATH\CodeIgniter.php(934): App\Controllers\Municipios->eliminados()
 7 SYSTEMPATH\CodeIgniter.php(499): CodeIgniter\CodeIgniter->runController(Object(App\Controllers\Municipios))
 8 SYSTEMPATH\CodeIgniter.php(368): CodeIgniter\CodeIgniter->handleRequest(null, Object(Config\Cache), false)
 9 FCPATH\index.php(67): CodeIgniter\CodeIgniter->run()
CRITICAL - 2023-03-21 04:31:39 --> Cannot redeclare App\Controllers\Empleados::insertar()
in APPPATH\Controllers\Empleados.php on line 55.
 1 [internal function]: CodeIgniter\Debug\Exceptions->shutdownHandler()
CRITICAL - 2023-03-21 04:31:40 --> Cannot redeclare App\Controllers\Empleados::insertar()
in APPPATH\Controllers\Empleados.php on line 55.
 1 [internal function]: CodeIgniter\Debug\Exceptions->shutdownHandler()
CRITICAL - 2023-03-21 04:31:41 --> Cannot redeclare App\Controllers\Empleados::insertar()
in APPPATH\Controllers\Empleados.php on line 55.
 1 [internal function]: CodeIgniter\Debug\Exceptions->shutdownHandler()
CRITICAL - 2023-03-21 04:32:50 --> Cannot redeclare App\Controllers\Empleados::insertar()
in APPPATH\Controllers\Empleados.php on line 55.
 1 [internal function]: CodeIgniter\Debug\Exceptions->shutdownHandler()
CRITICAL - 2023-03-21 04:32:51 --> Cannot redeclare App\Controllers\Empleados::insertar()
in APPPATH\Controllers\Empleados.php on line 55.
 1 [internal function]: CodeIgniter\Debug\Exceptions->shutdownHandler()
CRITICAL - 2023-03-21 04:32:51 --> Cannot redeclare App\Controllers\Empleados::insertar()
in APPPATH\Controllers\Empleados.php on line 55.
 1 [internal function]: CodeIgniter\Debug\Exceptions->shutdownHandler()
CRITICAL - 2023-03-21 04:45:47 --> Call to undefined method App\Models\CargosModel::obtenerCargos
in SYSTEMPATH\Model.php on line 842.
 1 APPPATH\Controllers\Empleados.php(73): CodeIgniter\Model->__call('obtenerCargos', [])
 2 SYSTEMPATH\CodeIgniter.php(934): App\Controllers\Empleados->eliminados()
 3 SYSTEMPATH\CodeIgniter.php(499): CodeIgniter\CodeIgniter->runController(Object(App\Controllers\Empleados))
 4 SYSTEMPATH\CodeIgniter.php(368): CodeIgniter\CodeIgniter->handleRequest(null, Object(Config\Cache), false)
 5 FCPATH\index.php(67): CodeIgniter\CodeIgniter->run()
